2025-01-23 12:57:24,556;Capella;7.0.0.202407091438;Open+Session;ToyCatapult.aird;;
2025-01-23 12:57:25,790;Capella;7.0.0.202407091438;Open+Session;ToyCatapult.aird;OK;
2025-01-23 13:44:24,594;Capella;7.0.0.202407091438;Create+Representation;Operational+Entity+Breakdown;;c770a484-f9ec-4f17-a106-cf28f0125e5e
2025-01-23 13:44:47,202;Capella;7.0.0.202407091438;Create+Representation;Operational+Entity+Breakdown;;c770a484-f9ec-4f17-a106-cf28f0125e5e
2025-01-23 13:44:47,486;Capella;7.0.0.202407091438;Create+Representation;Operational+Entity+Breakdown;OK;c770a484-f9ec-4f17-a106-cf28f0125e5e
2025-01-23 13:44:50,009;Capella;7.0.0.202407091438;Create+Representation;Operational+Entity+Breakdown;OK;c770a484-f9ec-4f17-a106-cf28f0125e5e
2025-01-23 13:50:58,362;Capella;7.0.0.202407091438;Create+Representation;Operational+Capabilities+Blank;;041a8022-79c9-42bc-82e4-808bc1e4e5f2
2025-01-23 13:51:02,522;Capella;7.0.0.202407091438;Create+Representation;Operational+Capabilities+Blank;;041a8022-79c9-42bc-82e4-808bc1e4e5f2
2025-01-23 13:51:02,553;Capella;7.0.0.202407091438;Create+Representation;Operational+Capabilities+Blank;OK;041a8022-79c9-42bc-82e4-808bc1e4e5f2
2025-01-23 13:51:03,048;Capella;7.0.0.202407091438;Create+Representation;Operational+Capabilities+Blank;OK;041a8022-79c9-42bc-82e4-808bc1e4e5f2
2025-01-23 14:01:21,143;Capella;7.0.0.202407091438;Create+Representation;Operational+Entity+Blank;;c770a484-f9ec-4f17-a106-cf28f0125e5e
2025-01-23 14:01:38,559;Capella;7.0.0.202407091438;Create+Representation;Operational+Entity+Blank;;c770a484-f9ec-4f17-a106-cf28f0125e5e
2025-01-23 14:01:38,567;Capella;7.0.0.202407091438;Create+Representation;Operational+Entity+Blank;OK;c770a484-f9ec-4f17-a106-cf28f0125e5e
2025-01-23 14:01:38,938;Capella;7.0.0.202407091438;Create+Representation;Operational+Entity+Blank;OK;c770a484-f9ec-4f17-a106-cf28f0125e5e
2025-01-23 14:14:14,691;Capella;7.0.0.202407091438;Create+Representation;Operational+Interaction+Scenario;;6064c1fe-7b95-4e4a-8b10-6b777059f9c4
2025-01-23 14:14:37,641;Capella;7.0.0.202407091438;Create+Representation;Operational+Interaction+Scenario;;6a3e93bb-1958-476f-b12a-7cb30493d1ef
2025-01-23 14:14:37,778;Capella;7.0.0.202407091438;Create+Representation;Operational+Interaction+Scenario;OK;6a3e93bb-1958-476f-b12a-7cb30493d1ef
2025-01-23 14:14:38,742;Capella;7.0.0.202407091438;Create+Representation;Operational+Interaction+Scenario;OK;6064c1fe-7b95-4e4a-8b10-6b777059f9c4
2025-01-23 14:15:21,546;Capella;7.0.0.202407091438;Open+Representation;;;
2025-01-23 14:15:21,848;Capella;7.0.0.202407091438;Open+Representation;;OK;
2025-01-23 14:18:54,569;Capella;7.0.0.202407091438;Open+Representation;;;
2025-01-23 14:18:55,016;Capella;7.0.0.202407091438;Open+Representation;;OK;
2025-01-23 14:22:00,262;Capella;7.0.0.202407091438;Create+Representation;Operational+Interaction+Scenario;;6064c1fe-7b95-4e4a-8b10-6b777059f9c4
2025-01-23 14:22:10,839;Capella;7.0.0.202407091438;Create+Representation;Operational+Interaction+Scenario;;e84d236f-c3f6-4686-86f4-21a69e1cc88d
2025-01-23 14:22:10,844;Capella;7.0.0.202407091438;Create+Representation;Operational+Interaction+Scenario;OK;e84d236f-c3f6-4686-86f4-21a69e1cc88d
2025-01-23 14:22:11,112;Capella;7.0.0.202407091438;Create+Representation;Operational+Interaction+Scenario;OK;6064c1fe-7b95-4e4a-8b10-6b777059f9c4
2025-01-23 14:24:28,042;Capella;7.0.0.202407091438;Create+Representation;Operational+Activity+Interaction+Blank;;8b04c947-85d1-4623-b46f-7f5c5698684b
2025-01-23 14:24:35,227;Capella;7.0.0.202407091438;Create+Representation;Operational+Activity+Interaction+Blank;;8b04c947-85d1-4623-b46f-7f5c5698684b
2025-01-23 14:24:35,232;Capella;7.0.0.202407091438;Create+Representation;Operational+Activity+Interaction+Blank;OK;8b04c947-85d1-4623-b46f-7f5c5698684b
2025-01-23 14:24:35,507;Capella;7.0.0.202407091438;Create+Representation;Operational+Activity+Interaction+Blank;OK;8b04c947-85d1-4623-b46f-7f5c5698684b
2025-01-23 14:32:38,340;Capella;7.0.0.202407091438;Open+Representation;;;
2025-01-23 14:32:38,635;Capella;7.0.0.202407091438;Open+Representation;;OK;
2025-01-23 15:16:22,535;Capella;7.0.0.202407091438;Transition;Operational+Entity+to+System+Actor+Transition;;
2025-01-23 15:16:56,441;Capella;7.0.0.202407091438;Transition;Operational+Entity+to+System+Actor+Transition;OK;
2025-01-23 15:26:20,422;Capella;7.0.0.202407091438;Create+Representation;Contextual+System+Actors;;c9d206d7-8bab-4b13-9635-47e0abbbb49e
2025-01-23 15:26:39,099;Capella;7.0.0.202407091438;Create+Representation;Contextual+System+Actors;;c9d206d7-8bab-4b13-9635-47e0abbbb49e
2025-01-23 15:26:39,207;Capella;7.0.0.202407091438;Create+Representation;Contextual+System+Actors;OK;c9d206d7-8bab-4b13-9635-47e0abbbb49e
2025-01-23 15:26:39,669;Capella;7.0.0.202407091438;Create+Representation;Contextual+System+Actors;OK;c9d206d7-8bab-4b13-9635-47e0abbbb49e
2025-01-23 15:30:32,367;Capella;7.0.0.202407091438;Transition;Operational+Capability+to+System+Mission+Transition;;
2025-01-23 15:30:34,586;Capella;7.0.0.202407091438;Transition;Operational+Capability+to+System+Mission+Transition;OK;
2025-01-23 16:06:36,047;Capella;7.0.0.202407091438;Create+Representation;System+Architecture+Blank;;6497985c-d5d1-4e6e-bcfa-bb0a985c2570
2025-01-23 16:07:18,430;Capella;7.0.0.202407091438;Create+Representation;System+Architecture+Blank;;6497985c-d5d1-4e6e-bcfa-bb0a985c2570
2025-01-23 16:07:18,475;Capella;7.0.0.202407091438;Create+Representation;System+Architecture+Blank;OK;6497985c-d5d1-4e6e-bcfa-bb0a985c2570
2025-01-23 16:07:18,953;Capella;7.0.0.202407091438;Create+Representation;System+Architecture+Blank;OK;6497985c-d5d1-4e6e-bcfa-bb0a985c2570
2025-01-23 16:38:31,150;Capella;7.0.0.202407091438;Create+Representation;System+Architecture+Blank;;6497985c-d5d1-4e6e-bcfa-bb0a985c2570
2025-01-23 16:38:48,336;Capella;7.0.0.202407091438;Create+Representation;System+Architecture+Blank;;6497985c-d5d1-4e6e-bcfa-bb0a985c2570
2025-01-23 16:38:48,342;Capella;7.0.0.202407091438;Create+Representation;System+Architecture+Blank;OK;6497985c-d5d1-4e6e-bcfa-bb0a985c2570
2025-01-23 16:38:48,605;Capella;7.0.0.202407091438;Create+Representation;System+Architecture+Blank;OK;6497985c-d5d1-4e6e-bcfa-bb0a985c2570
2025-01-23 16:43:36,929;Capella;7.0.0.202407091438;Create+Representation;Component+Exchanges+Scenario;;86f9d3de-609d-4487-aa72-82329276adb4
2025-01-23 16:43:51,470;Capella;7.0.0.202407091438;Create+Representation;Component+Exchanges+Scenario;;ae269994-60f1-41a2-bd06-1fe6a8fd2053
2025-01-23 16:43:51,490;Capella;7.0.0.202407091438;Create+Representation;Component+Exchanges+Scenario;OK;ae269994-60f1-41a2-bd06-1fe6a8fd2053
2025-01-23 16:43:51,813;Capella;7.0.0.202407091438;Create+Representation;Component+Exchanges+Scenario;OK;86f9d3de-609d-4487-aa72-82329276adb4
2025-01-27 22:35:46,732;Capella;7.0.0.202407091438;Create+Representation;Component+Exchanges+Scenario;;88330e6f-2587-442d-a422-d00062709289
2025-01-27 22:35:59,456;Capella;7.0.0.202407091438;Create+Representation;Component+Exchanges+Scenario;;8921fceb-ec70-4cd2-b640-c7fc8b6e5707
2025-01-27 22:35:59,520;Capella;7.0.0.202407091438;Create+Representation;Component+Exchanges+Scenario;OK;8921fceb-ec70-4cd2-b640-c7fc8b6e5707
2025-01-27 22:36:00,302;Capella;7.0.0.202407091438;Create+Representation;Component+Exchanges+Scenario;OK;88330e6f-2587-442d-a422-d00062709289
2025-01-27 22:37:10,676;Capella;7.0.0.202407091438;Open+Representation;;;
2025-01-27 22:37:11,652;Capella;7.0.0.202407091438;Open+Representation;;OK;
2025-01-27 22:44:26,994;Capella;7.0.0.202407091438;Open+Representation;;;
2025-01-27 22:44:27,293;Capella;7.0.0.202407091438;Open+Representation;;OK;
2025-01-27 22:45:10,470;Capella;7.0.0.202407091438;Create+Representation;Component+Exchanges+Scenario;;3219e74a-14de-4551-afa0-a1bf87c0b023
2025-01-27 22:45:21,127;Capella;7.0.0.202407091438;Create+Representation;Component+Exchanges+Scenario;;6b5feee9-c95f-45e1-b236-c37168e81577
2025-01-27 22:45:21,144;Capella;7.0.0.202407091438;Create+Representation;Component+Exchanges+Scenario;OK;6b5feee9-c95f-45e1-b236-c37168e81577
2025-01-27 22:45:21,506;Capella;7.0.0.202407091438;Create+Representation;Component+Exchanges+Scenario;OK;3219e74a-14de-4551-afa0-a1bf87c0b023
2025-01-27 22:48:43,631;Capella;7.0.0.202407091438;Open+Representation;;;
2025-01-27 22:48:43,962;Capella;7.0.0.202407091438;Open+Representation;;OK;
2025-01-27 22:50:50,240;Capella;7.0.0.202407091438;Create+Representation;System+Data+Flow+Blank;;b26b23cb-97a7-4a4e-a995-39c46b2d500d
2025-01-27 22:50:59,973;Capella;7.0.0.202407091438;Create+Representation;System+Data+Flow+Blank;;b26b23cb-97a7-4a4e-a995-39c46b2d500d
2025-01-27 22:50:59,989;Capella;7.0.0.202407091438;Create+Representation;System+Data+Flow+Blank;OK;b26b23cb-97a7-4a4e-a995-39c46b2d500d
2025-01-27 22:51:00,191;Capella;7.0.0.202407091438;Create+Representation;System+Data+Flow+Blank;OK;b26b23cb-97a7-4a4e-a995-39c46b2d500d
2025-01-27 23:08:56,916;Capella;7.0.0.202407091438;Create+Representation;System+Function+Breakdown;;b26b23cb-97a7-4a4e-a995-39c46b2d500d
2025-01-27 23:09:11,456;Capella;7.0.0.202407091438;Create+Representation;System+Function+Breakdown;;b26b23cb-97a7-4a4e-a995-39c46b2d500d
2025-01-27 23:09:11,473;Capella;7.0.0.202407091438;Create+Representation;System+Function+Breakdown;OK;b26b23cb-97a7-4a4e-a995-39c46b2d500d
2025-01-27 23:09:11,992;Capella;7.0.0.202407091438;Create+Representation;System+Function+Breakdown;OK;b26b23cb-97a7-4a4e-a995-39c46b2d500d
2025-01-27 23:12:22,837;Capella;7.0.0.202407091438;Open+Representation;;;
2025-01-27 23:12:23,104;Capella;7.0.0.202407091438;Open+Representation;;OK;
2025-01-27 23:12:25,805;Capella;7.0.0.202407091438;Open+Representation;;;
2025-01-27 23:12:26,124;Capella;7.0.0.202407091438;Open+Representation;;OK;
2025-01-27 23:12:28,059;Capella;7.0.0.202407091438;Open+Representation;;;
2025-01-27 23:12:28,390;Capella;7.0.0.202407091438;Open+Representation;;OK;
2025-01-27 23:13:52,931;Capella;7.0.0.202407091438;Transition;Functional+Transition;;
2025-01-27 23:13:58,209;Capella;7.0.0.202407091438;Transition;Functional+Transition;OK;
2025-01-27 23:18:17,381;Capella;7.0.0.202407091438;Create+Representation;System+Functions+-+Operational+Activities;;02aa02f8-c52a-4da7-8c00-2110193bc5d6
2025-01-27 23:18:18,270;Capella;7.0.0.202407091438;Create+Representation;System+Functions+-+Operational+Activities;OK;02aa02f8-c52a-4da7-8c00-2110193bc5d6
2025-01-27 23:18:19,467;Capella;7.0.0.202407091438;Transition;Functional+Transition;;
2025-01-27 23:18:36,690;Capella;7.0.0.202407091438;Transition;Functional+Transition;OK;
2025-01-27 23:19:08,925;Capella;7.0.0.202407091438;Transition;Functional+Transition;;
2025-01-27 23:20:30,307;Capella;7.0.0.202407091438;Transition;Functional+Transition;OK;
2025-01-27 23:20:48,668;Capella;7.0.0.202407091438;Transition;Functional+Transition;;
2025-01-27 23:20:57,260;Capella;7.0.0.202407091438;Transition;Functional+Transition;OK;
2025-01-27 23:34:17,189;Capella;7.0.0.202407091438;Create+Representation;System+Architecture+Blank;;6497985c-d5d1-4e6e-bcfa-bb0a985c2570
2025-01-27 23:34:30,942;Capella;7.0.0.202407091438;Create+Representation;System+Architecture+Blank;;6497985c-d5d1-4e6e-bcfa-bb0a985c2570
2025-01-27 23:34:30,951;Capella;7.0.0.202407091438;Create+Representation;System+Architecture+Blank;OK;6497985c-d5d1-4e6e-bcfa-bb0a985c2570
2025-01-27 23:34:31,216;Capella;7.0.0.202407091438;Create+Representation;System+Architecture+Blank;OK;6497985c-d5d1-4e6e-bcfa-bb0a985c2570
2025-01-27 23:59:02,733;Capella;7.0.0.202407091438;Open+Representation;;;
2025-01-27 23:59:03,061;Capella;7.0.0.202407091438;Open+Representation;;OK;
2025-01-27 23:59:55,925;Capella;7.0.0.202407091438;Open+Representation;;;
2025-01-27 23:59:56,261;Capella;7.0.0.202407091438;Open+Representation;;OK;
2025-01-28 00:01:04,167;Capella;7.0.0.202407091438;Open+Representation;;;
2025-01-28 00:01:04,479;Capella;7.0.0.202407091438;Open+Representation;;OK;
2025-01-28 00:02:50,867;Capella;7.0.0.202407091438;Open+Representation;;;
2025-01-28 00:02:51,179;Capella;7.0.0.202407091438;Open+Representation;;OK;
2025-01-28 00:03:34,740;Capella;7.0.0.202407091438;Open+Representation;;;
2025-01-28 00:03:34,965;Capella;7.0.0.202407091438;Open+Representation;;OK;
2025-01-28 00:06:58,562;Capella;7.0.0.202407091438;Open+Representation;;;
2025-01-28 00:06:58,858;Capella;7.0.0.202407091438;Open+Representation;;OK;
2025-01-28 00:08:08,793;Capella;7.0.0.202407091438;Open+Representation;;;
2025-01-28 00:08:09,076;Capella;7.0.0.202407091438;Open+Representation;;OK;
2025-01-28 00:08:40,102;Capella;7.0.0.202407091438;Open+Representation;;;
2025-01-28 00:08:40,248;Capella;7.0.0.202407091438;Open+Representation;;OK;
2025-01-28 00:08:45,941;Capella;7.0.0.202407091438;Open+Representation;;;
2025-01-28 00:08:46,200;Capella;7.0.0.202407091438;Open+Representation;;OK;
2025-01-28 00:08:53,543;Capella;7.0.0.202407091438;Open+Representation;;;
2025-01-28 00:08:53,765;Capella;7.0.0.202407091438;Open+Representation;;OK;
2025-01-28 00:08:55,604;Capella;7.0.0.202407091438;Open+Representation;;;
2025-01-28 00:08:55,730;Capella;7.0.0.202407091438;Open+Representation;;OK;
2025-01-28 00:10:18,317;Capella;7.0.0.202407091438;Open+Representation;;;
2025-01-28 00:10:18,416;Capella;7.0.0.202407091438;Open+Representation;;OK;
2025-01-28 00:10:19,543;Capella;7.0.0.202407091438;Open+Representation;;;
2025-01-28 00:10:19,854;Capella;7.0.0.202407091438;Open+Representation;;OK;
2025-01-28 00:10:59,247;Capella;7.0.0.202407091438;Open+Representation;;;
2025-01-28 00:10:59,397;Capella;7.0.0.202407091438;Open+Representation;;OK;
2025-01-28 00:16:47,365;Capella;7.0.0.202407091438;Open+Representation;;;
2025-01-28 00:16:47,670;Capella;7.0.0.202407091438;Open+Representation;;OK;
2025-01-28 00:23:19,119;Capella;7.0.0.202407091438;Open+Representation;;;
2025-01-28 00:23:19,241;Capella;7.0.0.202407091438;Open+Representation;;OK;
2025-01-28 00:24:10,235;Capella;7.0.0.202407091438;Open+Representation;;;
2025-01-28 00:24:10,558;Capella;7.0.0.202407091438;Open+Representation;;OK;
2025-01-28 00:25:24,779;Capella;7.0.0.202407091438;Open+Representation;;;
2025-01-28 00:25:25,018;Capella;7.0.0.202407091438;Open+Representation;;OK;
2025-02-02 06:45:44,268;Capella;7.0.0.202407091438;Transition;Functional+Transition;;
2025-02-02 06:45:54,306;Capella;7.0.0.202407091438;Transition;Functional+Transition;ERROR;
2025-02-02 06:46:00,000;Capella;7.0.0.202407091438;Transition;Actor+Transition;;
2025-02-02 06:47:10,204;Capella;7.0.0.202407091438;Transition;Actor+Transition;ERROR;
2025-02-02 06:47:11,961;Capella;7.0.0.202407091438;Transition;Actor+Transition;;
2025-02-02 06:47:16,786;Capella;7.0.0.202407091438;Transition;Actor+Transition;OK;
2025-02-02 06:47:34,266;Capella;7.0.0.202407091438;Transition;Actor+Transition;;
2025-02-02 06:47:41,517;Capella;7.0.0.202407091438;Transition;Actor+Transition;ERROR;
2025-02-02 06:50:09,935;Capella;7.0.0.202407091438;Transition;Functional+Transition;;
2025-02-02 06:50:27,728;Capella;7.0.0.202407091438;Transition;Functional+Transition;ERROR;
2025-02-02 06:50:46,318;Capella;7.0.0.202407091438;Transition;Actor+Transition;;
2025-02-02 06:50:50,269;Capella;7.0.0.202407091438;Transition;Actor+Transition;ERROR;
2025-02-02 06:50:52,647;Capella;7.0.0.202407091438;Transition;Functional+Transition;;
2025-02-02 06:50:58,376;Capella;7.0.0.202407091438;Transition;Functional+Transition;ERROR;
2025-02-02 06:53:31,802;Capella;7.0.0.202407091438;Transition;Functional+Transition;;
2025-02-02 06:53:41,280;Capella;7.0.0.202407091438;Transition;Functional+Transition;ERROR;
2025-02-02 06:53:43,412;Capella;7.0.0.202407091438;Transition;Functional+Transition;;
2025-02-02 06:54:30,168;Capella;7.0.0.202407091438;Transition;Functional+Transition;OK;
2025-02-02 06:59:09,621;Capella;7.0.0.202407091438;Transition;Capability+Transition;;
2025-02-02 06:59:26,291;Capella;7.0.0.202407091438;Transition;Capability+Transition;ERROR;
2025-02-02 06:59:28,201;Capella;7.0.0.202407091438;Transition;Actor+Transition;;
2025-02-02 06:59:29,840;Capella;7.0.0.202407091438;Transition;Actor+Transition;ERROR;
2025-02-02 06:59:31,705;Capella;7.0.0.202407091438;Transition;Capability+Transition;;
2025-02-02 06:59:35,803;Capella;7.0.0.202407091438;Transition;Capability+Transition;OK;
2025-02-02 06:59:56,977;Capella;7.0.0.202407091438;Create+Representation;Logical+Component+Breakdown;;5224e425-0a1e-4260-a5cc-c32aa98a5f6f
2025-02-02 07:00:46,444;Capella;7.0.0.202407091438;Create+Representation;Logical+Component+Breakdown;;5224e425-0a1e-4260-a5cc-c32aa98a5f6f
2025-02-02 07:00:46,645;Capella;7.0.0.202407091438;Create+Representation;Logical+Component+Breakdown;OK;5224e425-0a1e-4260-a5cc-c32aa98a5f6f
2025-02-02 07:00:49,276;Capella;7.0.0.202407091438;Create+Representation;Logical+Component+Breakdown;OK;5224e425-0a1e-4260-a5cc-c32aa98a5f6f
2025-02-02 07:05:39,868;Capella;7.0.0.202407091438;Create+Representation;Logical+Architecture+Blank;;5224e425-0a1e-4260-a5cc-c32aa98a5f6f
2025-02-02 07:05:53,672;Capella;7.0.0.202407091438;Create+Representation;Logical+Architecture+Blank;OK;5224e425-0a1e-4260-a5cc-c32aa98a5f6f
2025-02-02 07:06:13,848;Capella;7.0.0.202407091438;Create+Representation;Logical+Architecture+Blank;;5224e425-0a1e-4260-a5cc-c32aa98a5f6f
2025-02-02 07:06:37,369;Capella;7.0.0.202407091438;Create+Representation;Logical+Architecture+Blank;;5224e425-0a1e-4260-a5cc-c32aa98a5f6f
2025-02-02 07:06:37,457;Capella;7.0.0.202407091438;Create+Representation;Logical+Architecture+Blank;OK;5224e425-0a1e-4260-a5cc-c32aa98a5f6f
2025-02-02 07:06:38,870;Capella;7.0.0.202407091438;Create+Representation;Logical+Architecture+Blank;OK;5224e425-0a1e-4260-a5cc-c32aa98a5f6f
2025-02-02 07:48:11,322;Capella;7.0.0.202407091438;Open+Representation;;;
2025-02-02 07:48:13,993;Capella;7.0.0.202407091438;Open+Representation;;OK;
2025-02-02 07:49:52,656;Capella;7.0.0.202407091438;Open+Representation;;;
2025-02-02 07:49:55,158;Capella;7.0.0.202407091438;Open+Representation;;OK;
2025-02-02 10:04:21,749;Capella;7.0.0.202407091438;Open+Representation;;;
2025-02-02 10:04:24,143;Capella;7.0.0.202407091438;Open+Representation;;OK;
2025-02-02 10:04:39,625;Capella;7.0.0.202407091438;Open+Representation;;;
2025-02-02 10:04:43,028;Capella;7.0.0.202407091438;Open+Representation;;OK;
2025-02-02 10:16:48,777;Capella;7.0.0.202407091438;Open+Representation;;;
2025-02-02 10:16:51,202;Capella;7.0.0.202407091438;Open+Representation;;OK;
2025-02-02 10:18:40,980;Capella;7.0.0.202407091438;Create+Representation;Mode+State+Machine;;e890c65d-403d-43ce-a02d-9a8245459eb0
2025-02-02 10:22:54,709;Capella;7.0.0.202407091438;Create+Representation;Mode+State+Machine;;e890c65d-403d-43ce-a02d-9a8245459eb0
2025-02-02 10:22:54,759;Capella;7.0.0.202407091438;Create+Representation;Mode+State+Machine;OK;e890c65d-403d-43ce-a02d-9a8245459eb0
2025-02-02 10:22:56,566;Capella;7.0.0.202407091438;Create+Representation;Mode+State+Machine;OK;e890c65d-403d-43ce-a02d-9a8245459eb0
2025-02-02 10:30:45,654;Capella;7.0.0.202407091438;Open+Representation;;;
2025-02-02 10:30:47,917;Capella;7.0.0.202407091438;Open+Representation;;OK;
2025-02-02 10:41:27,051;Capella;7.0.0.202407091438;Open+Representation;;;
2025-02-02 10:41:29,928;Capella;7.0.0.202407091438;Open+Representation;;OK;
2025-02-02 10:47:27,035;Capella;7.0.0.202407091438;Create+Representation;Component+Exchanges+Scenario;;dea371ed-2c61-481a-9fe6-b42e80e337e8
2025-02-02 10:47:56,135;Capella;7.0.0.202407091438;Create+Representation;Component+Exchanges+Scenario;;eea9b6ae-74b3-4b1f-8ea7-73fb278d49e5
2025-02-02 10:47:56,262;Capella;7.0.0.202407091438;Create+Representation;Component+Exchanges+Scenario;OK;eea9b6ae-74b3-4b1f-8ea7-73fb278d49e5
2025-02-02 10:47:58,247;Capella;7.0.0.202407091438;Create+Representation;Component+Exchanges+Scenario;OK;dea371ed-2c61-481a-9fe6-b42e80e337e8
2025-02-02 10:50:41,096;Capella;7.0.0.202407091438;Open+Representation;;;
2025-02-02 10:50:43,914;Capella;7.0.0.202407091438;Open+Representation;;OK;
2025-02-02 10:55:34,789;Capella;7.0.0.202407091438;Create+Representation;Logical+Architecture+Blank;;5224e425-0a1e-4260-a5cc-c32aa98a5f6f
2025-02-02 10:55:41,128;Capella;7.0.0.202407091438;Create+Representation;Logical+Architecture+Blank;OK;5224e425-0a1e-4260-a5cc-c32aa98a5f6f
2025-02-02 10:57:05,382;Capella;7.0.0.202407091438;Open+Representation;;;
2025-02-02 10:57:09,548;Capella;7.0.0.202407091438;Open+Representation;;OK;
2025-02-02 10:58:21,862;Capella;7.0.0.202407091438;Open+Representation;;;
2025-02-02 10:58:25,090;Capella;7.0.0.202407091438;Open+Representation;;OK;
2025-02-02 12:48:52,497;Capella;7.0.0.202407091438;Open+Representation;;;
2025-02-02 12:48:54,886;Capella;7.0.0.202407091438;Open+Representation;;OK;
2025-02-02 12:55:32,818;Capella;7.0.0.202407091438;Create+Representation;System+Data+Flow+Blank;;b26b23cb-97a7-4a4e-a995-39c46b2d500d
2025-02-02 12:55:36,645;Capella;7.0.0.202407091438;Create+Representation;System+Data+Flow+Blank;OK;b26b23cb-97a7-4a4e-a995-39c46b2d500d
2025-02-02 12:56:37,814;Capella;7.0.0.202407091438;Open+Representation;;;
2025-02-02 12:56:41,961;Capella;7.0.0.202407091438;Open+Representation;;OK;
2025-02-02 12:57:51,558;Capella;7.0.0.202407091438;Create+Representation;System+Data+Flow+Blank;;b26b23cb-97a7-4a4e-a995-39c46b2d500d
2025-02-02 12:57:59,733;Capella;7.0.0.202407091438;Create+Representation;System+Data+Flow+Blank;;b26b23cb-97a7-4a4e-a995-39c46b2d500d
2025-02-02 12:57:59,825;Capella;7.0.0.202407091438;Create+Representation;System+Data+Flow+Blank;OK;b26b23cb-97a7-4a4e-a995-39c46b2d500d
2025-02-02 12:58:01,418;Capella;7.0.0.202407091438;Create+Representation;System+Data+Flow+Blank;OK;b26b23cb-97a7-4a4e-a995-39c46b2d500d
2025-02-02 13:06:58,376;Capella;7.0.0.202407091438;Open+Representation;;;
2025-02-02 13:07:00,693;Capella;7.0.0.202407091438;Open+Representation;;OK;
2025-02-02 13:07:03,138;Capella;7.0.0.202407091438;Open+Representation;;;
2025-02-02 13:07:05,257;Capella;7.0.0.202407091438;Open+Representation;;OK;
2025-02-02 13:29:00,499;Capella;7.0.0.202407091438;Open+Session;AutomaticParticleInspector.aird;;
2025-02-02 13:29:07,074;Capella;7.0.0.202407091438;Open+Session;AutomaticParticleInspector.aird;OK;
2025-02-02 13:29:41,029;Capella;7.0.0.202407091438;Create+Representation;Operational+Entity+Breakdown;;33b62e9f-f28b-4527-bf1a-639dd9191af6
2025-02-02 13:29:47,478;Capella;7.0.0.202407091438;Create+Representation;Operational+Entity+Breakdown;;33b62e9f-f28b-4527-bf1a-639dd9191af6
2025-02-02 13:29:47,550;Capella;7.0.0.202407091438;Create+Representation;Operational+Entity+Breakdown;OK;33b62e9f-f28b-4527-bf1a-639dd9191af6
2025-02-02 13:29:49,105;Capella;7.0.0.202407091438;Create+Representation;Operational+Entity+Breakdown;OK;33b62e9f-f28b-4527-bf1a-639dd9191af6
2025-02-02 13:34:34,874;Capella;7.0.0.202407091438;Create+Representation;Operational+Capabilities+Blank;;e40def33-4608-4ff9-a2e3-ad30d8f953a2
2025-02-02 13:34:40,310;Capella;7.0.0.202407091438;Create+Representation;Operational+Capabilities+Blank;;e40def33-4608-4ff9-a2e3-ad30d8f953a2
2025-02-02 13:34:40,347;Capella;7.0.0.202407091438;Create+Representation;Operational+Capabilities+Blank;OK;e40def33-4608-4ff9-a2e3-ad30d8f953a2
2025-02-02 13:34:41,378;Capella;7.0.0.202407091438;Create+Representation;Operational+Capabilities+Blank;OK;e40def33-4608-4ff9-a2e3-ad30d8f953a2
2025-02-02 13:34:50,916;Capella;7.0.0.202407091438;Open+Session;ToyCatapult.aird;;
2025-02-02 13:35:14,965;Capella;7.0.0.202407091438;Open+Session;ToyCatapult.aird;;
2025-02-02 13:35:32,106;Capella;7.0.0.202407091438;Open+Representation;;;
2025-02-02 13:35:33,749;Capella;7.0.0.202407091438;Open+Representation;;OK;
2025-02-02 13:36:31,202;Capella;7.0.0.202407091438;Open+Representation;;;
2025-02-02 13:36:32,850;Capella;7.0.0.202407091438;Open+Representation;;OK;
2025-02-02 13:36:44,437;Capella;7.0.0.202407091438;Open+Representation;;;
2025-02-02 13:36:46,045;Capella;7.0.0.202407091438;Open+Representation;;OK;
2025-02-02 13:36:47,511;Capella;7.0.0.202407091438;Open+Representation;;;
2025-02-02 13:36:48,873;Capella;7.0.0.202407091438;Open+Representation;;OK;
2025-02-02 13:37:02,226;Capella;7.0.0.202407091438;Open+Representation;;;
2025-02-02 13:37:04,270;Capella;7.0.0.202407091438;Open+Representation;;OK;
2025-02-02 13:38:04,239;Capella;7.0.0.202407091438;Create+Representation;Operational+Entity+Blank;;33b62e9f-f28b-4527-bf1a-639dd9191af6
2025-02-02 13:38:26,274;Capella;7.0.0.202407091438;Create+Representation;Operational+Entity+Blank;;33b62e9f-f28b-4527-bf1a-639dd9191af6
2025-02-02 13:38:26,315;Capella;7.0.0.202407091438;Create+Representation;Operational+Entity+Blank;OK;33b62e9f-f28b-4527-bf1a-639dd9191af6
2025-02-02 13:38:27,351;Capella;7.0.0.202407091438;Create+Representation;Operational+Entity+Blank;OK;33b62e9f-f28b-4527-bf1a-639dd9191af6
2025-02-02 13:44:25,981;Capella;7.0.0.202407091438;Open+Representation;;;
2025-02-02 13:44:27,725;Capella;7.0.0.202407091438;Open+Representation;;OK;
2025-02-02 13:47:36,464;Capella;7.0.0.202407091438;Open+Representation;;;
2025-02-02 13:47:37,777;Capella;7.0.0.202407091438;Open+Representation;;OK;
2025-02-02 13:49:48,215;Capella;7.0.0.202407091438;Create+Representation;Operational+Interaction+Scenario;;0690707b-010d-409e-87d2-48fc64f76cae
2025-02-02 13:49:56,848;Capella;7.0.0.202407091438;Create+Representation;Operational+Interaction+Scenario;;008524c7-e2a6-44a3-9745-db27ff1c56d8
2025-02-02 13:49:56,928;Capella;7.0.0.202407091438;Create+Representation;Operational+Interaction+Scenario;OK;008524c7-e2a6-44a3-9745-db27ff1c56d8
2025-02-02 13:49:58,328;Capella;7.0.0.202407091438;Create+Representation;Operational+Interaction+Scenario;OK;0690707b-010d-409e-87d2-48fc64f76cae
2025-02-02 13:56:12,403;Capella;7.0.0.202407091438;Create+Representation;Operational+Activity+Breakdown;;27798910-e9df-4959-b436-98c44036db63
2025-02-02 13:56:16,018;Capella;7.0.0.202407091438;Create+Representation;Operational+Activity+Breakdown;;27798910-e9df-4959-b436-98c44036db63
2025-02-02 13:56:16,074;Capella;7.0.0.202407091438;Create+Representation;Operational+Activity+Breakdown;OK;27798910-e9df-4959-b436-98c44036db63
2025-02-02 13:56:17,351;Capella;7.0.0.202407091438;Create+Representation;Operational+Activity+Breakdown;OK;27798910-e9df-4959-b436-98c44036db63
2025-02-02 13:57:31,128;Capella;7.0.0.202407091438;Open+Representation;;;
2025-02-02 13:57:32,301;Capella;7.0.0.202407091438;Open+Representation;;OK;
2025-02-02 14:01:43,568;Capella;7.0.0.202407091438;Create+Representation;Operational+Activity+Interaction+Blank;;27798910-e9df-4959-b436-98c44036db63
2025-02-02 14:01:46,640;Capella;7.0.0.202407091438;Create+Representation;Operational+Activity+Interaction+Blank;;27798910-e9df-4959-b436-98c44036db63
2025-02-02 14:01:46,674;Capella;7.0.0.202407091438;Create+Representation;Operational+Activity+Interaction+Blank;OK;27798910-e9df-4959-b436-98c44036db63
2025-02-02 14:01:47,791;Capella;7.0.0.202407091438;Create+Representation;Operational+Activity+Interaction+Blank;OK;27798910-e9df-4959-b436-98c44036db63
2025-02-02 14:19:18,178;Capella;7.0.0.202407091438;Transition;Operational+Entity+to+System+Actor+Transition;;
2025-02-02 14:19:26,144;Capella;7.0.0.202407091438;Transition;Operational+Entity+to+System+Actor+Transition;OK;
2025-02-02 14:19:34,279;Capella;7.0.0.202407091438;Transition;Capability+Transition;;
2025-02-02 14:19:39,686;Capella;7.0.0.202407091438;Transition;Capability+Transition;OK;
2025-02-02 14:19:41,800;Capella;7.0.0.202407091438;Transition;Functional+Transition;;
2025-02-02 14:19:44,928;Capella;7.0.0.202407091438;Transition;Functional+Transition;ERROR;
2025-02-02 14:20:51,798;Capella;7.0.0.202407091438;Create+Representation;Contextual+System+Actors;;9f631d18-e3d9-43e3-9297-da36946b327e
2025-02-02 14:21:00,160;Capella;7.0.0.202407091438;Create+Representation;Contextual+System+Actors;;9f631d18-e3d9-43e3-9297-da36946b327e
2025-02-02 14:21:00,406;Capella;7.0.0.202407091438;Create+Representation;Contextual+System+Actors;OK;9f631d18-e3d9-43e3-9297-da36946b327e
2025-02-02 14:21:02,445;Capella;7.0.0.202407091438;Create+Representation;Contextual+System+Actors;OK;9f631d18-e3d9-43e3-9297-da36946b327e
